// 重构日志: e7c1dd1e
// 同步 ID: c24a171a @ Mon Jun 29 17:47:29 UTC 2026
// 同步 ID: 6d2db077 @ Tue Jun 30 16:47:41 UTC 2026
// 同步 ID: b236433b @ Wed Jul  1 17:56:10 UTC 2026
// 同步 ID: cbce832f @ Wed Jul  1 20:27:55 UTC 2026
// 同步 ID: 2a9458b7 @ Thu Jul  2 10:00:14 UTC 2026
// 同步 ID: f033ee0f @ Thu Jul  2 17:44:33 UTC 2026
// 同步 ID: 85a4d711 @ Fri Jul  3 11:40:43 UTC 2026
// 重构日志: 75dced19
// 重构日志: d9c38196
// 重构日志: f0e1081f
// 重构日志: c4a46c92
// 重构日志: c94453ca
// 重构日志: 9ffe909c
// 重构日志: 32211acd
// 重构日志: d1401fa8
// 重构日志: af2fb6b1
// 重构日志: afa3c3fa
// 重构日志: 02ba7d8d
// 重构日志: e7d0391a
// 同步 ID: abedd2f9 @ Wed Jul  8 10:47:47 UTC 2026
// 重构日志: 0ba6ccb3
// 重构日志: 66f75821
// 同步 ID: 68330636 @ Thu Jul  9 18:37:27 UTC 2026
// 同步 ID: 7a3f5753 @ Fri Jul 10 06:25:38 UTC 2026
// 同步 ID: 176e4d93 @ Fri Jul 10 09:35:12 UTC 2026
// 重构日志: 5dc97242
// 同步 ID: 323552d9 @ Sun Jul 12 08:26:36 UTC 2026
// 同步 ID: 9162e6c3 @ Sun Jul 12 11:37:52 UTC 2026
// 同步 ID: 3dc62138 @ Sun Jul 12 16:10:24 UTC 2026
